"GET / HTTP/1.1" 404 2153
"GET /favicon.ico HTTP/1.1" 404 2204
"GET /wiki/ HTTP/1.1" 500 168731
"GET /favicon.ico HTTP/1.1" 404 2204
"GET /wiki/ HTTP/1.1" 500 168609
"GET /wiki/ HTTP/1.1" 500 168829
"GET /favicon.ico HTTP/1.1" 404 2204
"GET / HTTP/1.1" 404 2153
"GET /wiki/ HTTP/1.1" 500 168406
"GET /wiki/ HTTP/1.1" 500 168541
"GET /wiki/ HTTP/1.1" 500 168541
"GET /wiki/ HTTP/1.1" 500 168541
"GET /wiki/ HTTP/1.1" 500 168541
"GET /wiki/ HTTP/1.1" 500 168541
"GET /wiki/ HTTP/1.1" 500 168541
"GET /wiki/ HTTP/1.1" 500 168541
"GET /wiki/create HTTP/1.1" 500 69932
"GET /wiki/create HTTP/1.1" 500 69932
"GET / HTTP/1.1" 404 2153
"GET /favicon.ico HTTP/1.1" 404 2204
"GET /wiki/ HTTP/1.1" 500 169629
"GET /wiki/ HTTP/1.1" 500 170571
"GET /favicon.ico HTTP/1.1" 404 2204
"GET /favicon.ico HTTP/1.1" 404 2204
"GET /wiki/ HTTP/1.1" 500 171138
"GET /wiki/ HTTP/1.1" 500 171321
"GET /wiki/ HTTP/1.1" 500 171447
"GET /favicon.ico HTTP/1.1" 404 2204
"GET /wiki/ HTTP/1.1" 500 171186
"GET /wiki/ HTTP/1.1" 500 172137
"GET /wiki/ HTTP/1.1" 500 172263
"GET /favicon.ico HTTP/1.1" 404 2204
"GET /wiki/ HTTP/1.1" 500 172263
"GET /favicon.ico HTTP/1.1" 404 2204
"GET /wiki/ HTTP/1.1" 500 171479
"GET /favicon.ico HTTP/1.1" 404 2204
"GET /wiki/ HTTP/1.1" 500 185570
"GET /wiki/ HTTP/1.1" 500 185696
"GET /favicon.ico HTTP/1.1" 404 2204
"GET /wiki/ HTTP/1.1" 500 172205
"GET /wiki/ HTTP/1.1" 500 171385
"GET /wiki/ HTTP/1.1" 500 171163
"GET /favicon.ico HTTP/1.1" 404 2204
"GET /favicon.ico HTTP/1.1" 404 2204
"GET /favicon.ico HTTP/1.1" 404 2204
"GET /wiki/create HTTP/1.1" 500 69018
"GET /wiki/create HTTP/1.1" 500 69153
"GET /wiki/create HTTP/1.1" 500 69279
"GET /favicon.ico HTTP/1.1" 404 2204
"GET /wiki/ HTTP/1.1" 500 155926
"GET /wiki/ HTTP/1.1" 500 155926
"GET /wiki/ HTTP/1.1" 500 156187
"GET /favicon.ico HTTP/1.1" 404 2204
"GET / HTTP/1.1" 404 2153
"GET /admijn HTTP/1.1" 404 2189
"GET / HTTP/1.1" 404 2153
"GET /favicon.ico HTTP/1.1" 404 2204
"GET /favicon.ico HTTP/1.1" 404 2204
"GET / HTTP/1.1" 404 2153
"GET / HTTP/1.1" 404 2153
"GET /favicon.ico HTTP/1.1" 404 2204
"GET /wiki/accounts/login/ HTTP/1.1" 500 138076
"GET /wiki/accounts/login/ HTTP/1.1" 500 138211
"GET /wiki/accounts/login/ HTTP/1.1" 500 138076
"GET /wiki/ HTTP/1.1" 500 140415
"GET /favicon.ico HTTP/1.1" 404 2204
"GET /favicon.ico HTTP/1.1" 404 2204
"GET /favicon.ico HTTP/1.1" 404 2204
"GET /favicon.ico HTTP/1.1" 404 2204
"GET /favicon.ico HTTP/1.1" 404 2204
"GET /favicon.ico HTTP/1.1" 404 2204
"GET /favicon.ico HTTP/1.1" 404 2204
"GET /favicon.ico HTTP/1.1" 404 2204
"GET / HTTP/1.1" 404 2153
"GET /wiki/A/ HTTP/1.1" 500 117835
"GET / HTTP/1.1" 404 2153
"GET /favicon.ico HTTP/1.1" 404 2204
